2021-12-08 00:04:03.612 [restartedMain] INFO  study.xxx.EduApplication - Starting EduApplication using Java 1.8.0_65 on DESKTOP-ECU5F3Q with PID 14700 (D:\guli_education\guli-service-edu-backstage\target\classes started by V in D:\guli_education)
2021-12-08 00:04:03.613 [restartedMain] INFO  study.xxx.EduApplication - The following profiles are active: dev
2021-12-08 00:04:03.665 [restartedMain] INFO  o.s.b.d.env.DevToolsPropertyDefaultsPostProcessor - Devtools property defaults active! Set 'spring.devtools.add-properties' to 'false' to disable
2021-12-08 00:04:03.665 [restartedMain] INFO  o.s.b.d.env.DevToolsPropertyDefaultsPostProcessor - For additional web related logging consider setting the 'logging.level.web' property to 'DEBUG'
2021-12-08 00:04:05.584 [restartedMain] INFO  o.s.boot.web.embedded.tomcat.TomcatWebServer - Tomcat initialized with port(s): 8001 (http)
2021-12-08 00:04:05.593 [restartedMain] INFO  org.apache.coyote.http11.Http11NioProtocol - Initializing ProtocolHandler ["http-nio-8001"]
2021-12-08 00:04:05.594 [restartedMain] INFO  org.apache.catalina.core.StandardService - Starting service [Tomcat]
2021-12-08 00:04:05.594 [restartedMain] INFO  org.apache.catalina.core.StandardEngine - Starting Servlet engine: [Apache Tomcat/9.0.54]
2021-12-08 00:04:05.659 [restartedMain] INFO  o.a.c.core.ContainerBase.[Tomcat].[localhost].[/] - Initializing Spring embedded WebApplicationContext
2021-12-08 00:04:05.660 [restartedMain] INFO  o.s.b.w.s.c.ServletWebServerApplicationContext - Root WebApplicationContext: initialization completed in 1994 ms
2021-12-08 00:04:07.769 [restartedMain] INFO  s.d.s.w.PropertySourcedRequestMappingHandlerMapping - Mapped URL path [/v2/api-docs] onto method [springfox.documentation.swagger2.web.Swagger2Controller#getDocumentation(String, HttpServletRequest)]
2021-12-08 00:04:07.851 [restartedMain] INFO  o.s.b.d.autoconfigure.OptionalLiveReloadServer - LiveReload server is running on port 35729
2021-12-08 00:04:08.027 [restartedMain] INFO  org.apache.coyote.http11.Http11NioProtocol - Starting ProtocolHandler ["http-nio-8001"]
2021-12-08 00:04:08.043 [restartedMain] INFO  o.s.boot.web.embedded.tomcat.TomcatWebServer - Tomcat started on port(s): 8001 (http) with context path ''
2021-12-08 00:04:08.044 [restartedMain] INFO  s.d.s.web.plugins.DocumentationPluginsBootstrapper - Context refreshed
2021-12-08 00:04:08.063 [restartedMain] INFO  s.d.s.web.plugins.DocumentationPluginsBootstrapper - Found 1 custom documentation plugin(s)
2021-12-08 00:04:08.097 [restartedMain] INFO  s.d.spring.web.scanners.ApiListingReferenceScanner - Scanning for api listing references
2021-12-08 00:04:08.239 [restartedMain] INFO  study.xxx.EduApplication - Started EduApplication in 5.143 seconds (JVM running for 5.54)
2021-12-08 00:04:18.887 [http-nio-8001-exec-1] INFO  o.a.c.core.ContainerBase.[Tomcat].[localhost].[/] - Initializing Spring DispatcherServlet 'dispatcherServlet'
2021-12-08 00:04:18.887 [http-nio-8001-exec-1] INFO  org.springframework.web.servlet.DispatcherServlet - Initializing Servlet 'dispatcherServlet'
2021-12-08 00:04:18.888 [http-nio-8001-exec-1] INFO  org.springframework.web.servlet.DispatcherServlet - Completed initialization in 1 ms
2021-12-08 00:04:26.532 [http-nio-8001-exec-2] INFO  com.alibaba.druid.pool.DruidDataSource - {dataSource-1} inited
